


ARM Macro Assembler    Page 1 


    1 00000000         ;//-------- <<< Use Configuration Wizard in Context Menu
                        >>> ------------------
    2 00000000         ;*/
    3 00000000         
    4 00000000         
    5 00000000         ; <h> Stack Configuration
    6 00000000         ;   <o> Stack Size (in Bytes) <0x0-0xFFFFFFFF:8>
    7 00000000         ; </h>
    8 00000000         
    9 00000000 00000400 
                       Stack_Size
                               EQU              0x00000400
   10 00000000         
   11 00000000                 AREA             STACK, NOINIT, READWRITE, ALIGN
=3
   12 00000000         Stack_Mem
                               SPACE            Stack_Size
   13 00000400         __initial_sp
   14 00000400         
   15 00000400         
   16 00000400         ; <h> Heap Configuration
   17 00000400         ;   <o>  Heap Size (in Bytes) <0x0-0xFFFFFFFF:8>
   18 00000400         ; </h>
   19 00000400         
   20 00000400 00000000 
                       Heap_Size
                               EQU              0x00000000
   21 00000400         
   22 00000400                 AREA             HEAP, NOINIT, READWRITE, ALIGN=
3
   23 00000000         __heap_base
   24 00000000         Heap_Mem
                               SPACE            Heap_Size
   25 00000000         __heap_limit
   26 00000000         
   27 00000000         
   28 00000000                 PRESERVE8
   29 00000000                 THUMB
   30 00000000         
   31 00000000         
   32 00000000         ; Vector Table Mapped to Address 0 at Reset
   33 00000000         
   34 00000000                 AREA             RESET, DATA, READONLY
   35 00000000                 EXPORT           __Vectors
   36 00000000                 EXPORT           __Vectors_End
   37 00000000                 EXPORT           __Vectors_Size
   38 00000000         
   39 00000000 00000000 
                       __Vectors
                               DCD              __initial_sp ; Top of Stack
   40 00000004 00000000        DCD              Reset_Handler ; Reset Handler
   41 00000008 00000000        DCD              NMI_Handler ; NMI Handler
   42 0000000C 00000000        DCD              HardFault_Handler ; Hard Fault 
                                                            Handler
   43 00000010 00000000        DCD              MemManage_Handler 
                                                            ; MPU Fault Handler
                                                            
   44 00000014 00000000        DCD              BusFault_Handler 
                                                            ; Bus Fault Handler



ARM Macro Assembler    Page 2 


                                                            
   45 00000018 00000000        DCD              UsageFault_Handler ; Usage Faul
                                                            t Handler
   46 0000001C 00000000        DCD              0           ; Reserved
   47 00000020 00000000        DCD              0           ; Reserved
   48 00000024 00000000        DCD              0           ; Reserved
   49 00000028 00000000        DCD              0           ; Reserved
   50 0000002C 00000000        DCD              SVC_Handler ; SVCall Handler
   51 00000030 00000000        DCD              DebugMon_Handler ; Debug Monito
                                                            r Handler
   52 00000034 00000000        DCD              0           ; Reserved
   53 00000038 00000000        DCD              PendSV_Handler ; PendSV Handler
                                                            
   54 0000003C 00000000        DCD              SysTick_Handler 
                                                            ; SysTick Handler
   55 00000040         
   56 00000040         ; External Interrupts
   57 00000040 00000000        DCD              PSS_IRQHandler ;  0:  PSS Inter
                                                            rupt
   58 00000044 00000000        DCD              CS_IRQHandler 
                                                            ;  1:  CS Interrupt
                                                            
   59 00000048 00000000        DCD              PCM_IRQHandler ;  2:  PCM Inter
                                                            rupt
   60 0000004C 00000000        DCD              WDT_A_IRQHandler ;  3:  WDT_A I
                                                            nterrupt
   61 00000050 00000000        DCD              FPU_IRQHandler ;  4:  FPU Inter
                                                            rupt
   62 00000054 00000000        DCD              FLCTL_IRQHandler ;  5:  FLCTL I
                                                            nterrupt
   63 00000058 00000000        DCD              COMP_E0_IRQHandler ;  6:  COMP_
                                                            E0 Interrupt
   64 0000005C 00000000        DCD              COMP_E1_IRQHandler ;  7:  COMP_
                                                            E1 Interrupt
   65 00000060 00000000        DCD              TA0_0_IRQHandler ;  8:  TA0_0 I
                                                            nterrupt
   66 00000064 00000000        DCD              TA0_N_IRQHandler ;  9:  TA0_N I
                                                            nterrupt
   67 00000068 00000000        DCD              TA1_0_IRQHandler ; 10:  TA1_0 I
                                                            nterrupt
   68 0000006C 00000000        DCD              TA1_N_IRQHandler ; 11:  TA1_N I
                                                            nterrupt
   69 00000070 00000000        DCD              TA2_0_IRQHandler ; 12:  TA2_0 I
                                                            nterrupt
   70 00000074 00000000        DCD              TA2_N_IRQHandler ; 13:  TA2_N I
                                                            nterrupt
   71 00000078 00000000        DCD              TA3_0_IRQHandler ; 14:  TA3_0 I
                                                            nterrupt
   72 0000007C 00000000        DCD              TA3_N_IRQHandler ; 15:  TA3_N I
                                                            nterrupt
   73 00000080 00000000        DCD              EUSCIA0_IRQHandler ; 16:  EUSCI
                                                            A0 Interrupt
   74 00000084 00000000        DCD              EUSCIA1_IRQHandler ; 17:  EUSCI
                                                            A1 Interrupt
   75 00000088 00000000        DCD              EUSCIA2_IRQHandler ; 18:  EUSCI
                                                            A2 Interrupt
   76 0000008C 00000000        DCD              EUSCIA3_IRQHandler ; 19:  EUSCI
                                                            A3 Interrupt
   77 00000090 00000000        DCD              EUSCIB0_IRQHandler ; 20:  EUSCI



ARM Macro Assembler    Page 3 


                                                            B0 Interrupt
   78 00000094 00000000        DCD              EUSCIB1_IRQHandler ; 21:  EUSCI
                                                            B1 Interrupt
   79 00000098 00000000        DCD              EUSCIB2_IRQHandler ; 22:  EUSCI
                                                            B2 Interrupt
   80 0000009C 00000000        DCD              EUSCIB3_IRQHandler ; 23:  EUSCI
                                                            B3 Interrupt
   81 000000A0 00000000        DCD              ADC14_IRQHandler ; 24:  ADC14 I
                                                            nterrupt
   82 000000A4 00000000        DCD              T32_INT1_IRQHandler ; 25:  T32_
                                                            INT1 Interrupt
   83 000000A8 00000000        DCD              T32_INT2_IRQHandler ; 26:  T32_
                                                            INT2 Interrupt
   84 000000AC 00000000        DCD              T32_INTC_IRQHandler ; 27:  T32_
                                                            INTC Interrupt
   85 000000B0 00000000        DCD              AES256_IRQHandler ; 28:  AES256
                                                             Interrupt
   86 000000B4 00000000        DCD              RTC_C_IRQHandler ; 29:  RTC_C I
                                                            nterrupt
   87 000000B8 00000000        DCD              DMA_ERR_IRQHandler ; 30:  DMA_E
                                                            RR Interrupt
   88 000000BC 00000000        DCD              DMA_INT3_IRQHandler ; 31:  DMA_
                                                            INT3 Interrupt
   89 000000C0 00000000        DCD              DMA_INT2_IRQHandler ; 32:  DMA_
                                                            INT2 Interrupt
   90 000000C4 00000000        DCD              DMA_INT1_IRQHandler ; 33:  DMA_
                                                            INT1 Interrupt
   91 000000C8 00000000        DCD              DMA_INT0_IRQHandler ; 34:  DMA_
                                                            INT0 Interrupt
   92 000000CC 00000000        DCD              PORT1_IRQHandler ; 35:  PORT1 I
                                                            nterrupt
   93 000000D0 00000000        DCD              PORT2_IRQHandler ; 36:  PORT2 I
                                                            nterrupt
   94 000000D4 00000000        DCD              PORT3_IRQHandler ; 37:  PORT3 I
                                                            nterrupt
   95 000000D8 00000000        DCD              PORT4_IRQHandler ; 38:  PORT4 I
                                                            nterrupt
   96 000000DC 00000000        DCD              PORT5_IRQHandler ; 39:  PORT5 I
                                                            nterrupt
   97 000000E0 00000000        DCD              PORT6_IRQHandler ; 40:  PORT6 I
                                                            nterrupt
   98 000000E4 00000000        DCD              0           ; 41:  Reserved
   99 000000E8 00000000        DCD              0           ; 42:  Reserved
  100 000000EC 00000000        DCD              0           ; 43:  Reserved
  101 000000F0 00000000        DCD              0           ; 44:  Reserved
  102 000000F4 00000000        DCD              0           ; 45:  Reserved
  103 000000F8 00000000        DCD              0           ; 46:  Reserved
  104 000000FC 00000000        DCD              0           ; 47:  Reserved
  105 00000100 00000000        DCD              0           ; 48:  Reserved
  106 00000104 00000000        DCD              0           ; 49:  Reserved
  107 00000108 00000000        DCD              0           ; 50:  Reserved
  108 0000010C 00000000        DCD              0           ; 51:  Reserved
  109 00000110 00000000        DCD              0           ; 52:  Reserved
  110 00000114 00000000        DCD              0           ; 53:  Reserved
  111 00000118 00000000        DCD              0           ; 54:  Reserved
  112 0000011C 00000000        DCD              0           ; 55:  Reserved
  113 00000120 00000000        DCD              0           ; 56:  Reserved
  114 00000124 00000000        DCD              0           ; 57:  Reserved
  115 00000128 00000000        DCD              0           ; 58:  Reserved



ARM Macro Assembler    Page 4 


  116 0000012C 00000000        DCD              0           ; 59:  Reserved
  117 00000130 00000000        DCD              0           ; 60:  Reserved
  118 00000134 00000000        DCD              0           ; 61:  Reserved
  119 00000138 00000000        DCD              0           ; 62:  Reserved
  120 0000013C 00000000        DCD              0           ; 63:  Reserved
  121 00000140 00000000        DCD              0           ; 64:  Reserved
  122 00000144         __Vectors_End
  123 00000144         
  124 00000144 00000144 
                       __Vectors_Size
                               EQU              __Vectors_End - __Vectors
  125 00000144         
  126 00000144                 AREA             |.text|, CODE, READONLY
  127 00000000         
  128 00000000         
  129 00000000         ; Reset Handler
  130 00000000         
  131 00000000         Reset_Handler
                               PROC
  132 00000000                 EXPORT           Reset_Handler             [WEAK
]
  133 00000000                 IMPORT           SystemInit
  134 00000000                 IMPORT           __main
  135 00000000 4806            LDR              R0, =SystemInit
  136 00000002 4780            BLX              R0
  137 00000004 4806            LDR              R0, =__main
  138 00000006 4700            BX               R0
  139 00000008                 ENDP
  140 00000008         
  141 00000008         
  142 00000008         ; Dummy Exception Handlers (infinite loops which can be 
                       modified)
  143 00000008         
  144 00000008         NMI_Handler
                               PROC
  145 00000008                 EXPORT           NMI_Handler               [WEAK
]
  146 00000008 E7FE            B                .
  147 0000000A                 ENDP
  149 0000000A         HardFault_Handler
                               PROC
  150 0000000A                 EXPORT           HardFault_Handler         [WEAK
]
  151 0000000A E7FE            B                .
  152 0000000C                 ENDP
  154 0000000C         MemManage_Handler
                               PROC
  155 0000000C                 EXPORT           MemManage_Handler         [WEAK
]
  156 0000000C E7FE            B                .
  157 0000000E                 ENDP
  159 0000000E         BusFault_Handler
                               PROC
  160 0000000E                 EXPORT           BusFault_Handler          [WEAK
]
  161 0000000E E7FE            B                .
  162 00000010                 ENDP
  164 00000010         UsageFault_Handler
                               PROC



ARM Macro Assembler    Page 5 


  165 00000010                 EXPORT           UsageFault_Handler        [WEAK
]
  166 00000010 E7FE            B                .
  167 00000012                 ENDP
  168 00000012         SVC_Handler
                               PROC
  169 00000012                 EXPORT           SVC_Handler               [WEAK
]
  170 00000012 E7FE            B                .
  171 00000014                 ENDP
  173 00000014         DebugMon_Handler
                               PROC
  174 00000014                 EXPORT           DebugMon_Handler          [WEAK
]
  175 00000014 E7FE            B                .
  176 00000016                 ENDP
  177 00000016         PendSV_Handler
                               PROC
  178 00000016                 EXPORT           PendSV_Handler            [WEAK
]
  179 00000016 E7FE            B                .
  180 00000018                 ENDP
  181 00000018         SysTick_Handler
                               PROC
  182 00000018                 EXPORT           SysTick_Handler           [WEAK
]
  183 00000018 E7FE            B                .
  184 0000001A                 ENDP
  185 0000001A         
  186 0000001A         Default_Handler
                               PROC
  187 0000001A                 EXPORT           PSS_IRQHandler            [WEAK
]
  188 0000001A                 EXPORT           CS_IRQHandler             [WEAK
]
  189 0000001A                 EXPORT           PCM_IRQHandler            [WEAK
]
  190 0000001A                 EXPORT           WDT_A_IRQHandler          [WEAK
]
  191 0000001A                 EXPORT           FPU_IRQHandler            [WEAK
]
  192 0000001A                 EXPORT           FLCTL_IRQHandler          [WEAK
]
  193 0000001A                 EXPORT           COMP_E0_IRQHandler        [WEAK
]
  194 0000001A                 EXPORT           COMP_E1_IRQHandler        [WEAK
]
  195 0000001A                 EXPORT           TA0_0_IRQHandler          [WEAK
]
  196 0000001A                 EXPORT           TA0_N_IRQHandler          [WEAK
]
  197 0000001A                 EXPORT           TA1_0_IRQHandler          [WEAK
]
  198 0000001A                 EXPORT           TA1_N_IRQHandler          [WEAK
]
  199 0000001A                 EXPORT           TA2_0_IRQHandler          [WEAK
]
  200 0000001A                 EXPORT           TA2_N_IRQHandler          [WEAK
]



ARM Macro Assembler    Page 6 


  201 0000001A                 EXPORT           TA3_0_IRQHandler          [WEAK
]
  202 0000001A                 EXPORT           TA3_N_IRQHandler          [WEAK
]
  203 0000001A                 EXPORT           EUSCIA0_IRQHandler        [WEAK
]
  204 0000001A                 EXPORT           EUSCIA1_IRQHandler        [WEAK
]
  205 0000001A                 EXPORT           EUSCIA2_IRQHandler        [WEAK
]
  206 0000001A                 EXPORT           EUSCIA3_IRQHandler        [WEAK
]
  207 0000001A                 EXPORT           EUSCIB0_IRQHandler        [WEAK
]
  208 0000001A                 EXPORT           EUSCIB1_IRQHandler        [WEAK
]
  209 0000001A                 EXPORT           EUSCIB2_IRQHandler        [WEAK
]
  210 0000001A                 EXPORT           EUSCIB3_IRQHandler        [WEAK
]
  211 0000001A                 EXPORT           ADC14_IRQHandler          [WEAK
]
  212 0000001A                 EXPORT           T32_INT1_IRQHandler       [WEAK
]
  213 0000001A                 EXPORT           T32_INT2_IRQHandler       [WEAK
]
  214 0000001A                 EXPORT           T32_INTC_IRQHandler       [WEAK
]
  215 0000001A                 EXPORT           AES256_IRQHandler         [WEAK
]
  216 0000001A                 EXPORT           RTC_C_IRQHandler          [WEAK
]
  217 0000001A                 EXPORT           DMA_ERR_IRQHandler        [WEAK
]
  218 0000001A                 EXPORT           DMA_INT3_IRQHandler       [WEAK
]
  219 0000001A                 EXPORT           DMA_INT2_IRQHandler       [WEAK
]
  220 0000001A                 EXPORT           DMA_INT1_IRQHandler       [WEAK
]
  221 0000001A                 EXPORT           DMA_INT0_IRQHandler       [WEAK
]
  222 0000001A                 EXPORT           PORT1_IRQHandler          [WEAK
]
  223 0000001A                 EXPORT           PORT2_IRQHandler          [WEAK
]
  224 0000001A                 EXPORT           PORT3_IRQHandler          [WEAK
]
  225 0000001A                 EXPORT           PORT4_IRQHandler          [WEAK
]
  226 0000001A                 EXPORT           PORT5_IRQHandler          [WEAK
]
  227 0000001A                 EXPORT           PORT6_IRQHandler          [WEAK
]
  228 0000001A         
  229 0000001A         PSS_IRQHandler
  230 0000001A         CS_IRQHandler
  231 0000001A         PCM_IRQHandler
  232 0000001A         WDT_A_IRQHandler



ARM Macro Assembler    Page 7 


  233 0000001A         FPU_IRQHandler
  234 0000001A         FLCTL_IRQHandler
  235 0000001A         COMP_E0_IRQHandler
  236 0000001A         COMP_E1_IRQHandler
  237 0000001A         TA0_0_IRQHandler
  238 0000001A         TA0_N_IRQHandler
  239 0000001A         TA1_0_IRQHandler
  240 0000001A         TA1_N_IRQHandler
  241 0000001A         TA2_0_IRQHandler
  242 0000001A         TA2_N_IRQHandler
  243 0000001A         TA3_0_IRQHandler
  244 0000001A         TA3_N_IRQHandler
  245 0000001A         EUSCIA0_IRQHandler
  246 0000001A         EUSCIA1_IRQHandler
  247 0000001A         EUSCIA2_IRQHandler
  248 0000001A         EUSCIA3_IRQHandler
  249 0000001A         EUSCIB0_IRQHandler
  250 0000001A         EUSCIB1_IRQHandler
  251 0000001A         EUSCIB2_IRQHandler
  252 0000001A         EUSCIB3_IRQHandler
  253 0000001A         ADC14_IRQHandler
  254 0000001A         T32_INT1_IRQHandler
  255 0000001A         T32_INT2_IRQHandler
  256 0000001A         T32_INTC_IRQHandler
  257 0000001A         AES256_IRQHandler
  258 0000001A         RTC_C_IRQHandler
  259 0000001A         DMA_ERR_IRQHandler
  260 0000001A         DMA_INT3_IRQHandler
  261 0000001A         DMA_INT2_IRQHandler
  262 0000001A         DMA_INT1_IRQHandler
  263 0000001A         DMA_INT0_IRQHandler
  264 0000001A         PORT1_IRQHandler
  265 0000001A         PORT2_IRQHandler
  266 0000001A         PORT3_IRQHandler
  267 0000001A         PORT4_IRQHandler
  268 0000001A         PORT5_IRQHandler
  269 0000001A         PORT6_IRQHandler
  270 0000001A E7FE            B                .
  271 0000001C                 ENDP
  272 0000001C         
  273 0000001C                 ALIGN
  274 0000001C         
  275 0000001C 00000000 
              00000000         AREA             |.text|, CODE, READONLY
  276 00000024         
  277 00000024         ;*******************************************************
                       ***********************
  278 00000024         ;
  279 00000024         ; Useful functions.
  280 00000024         ;
  281 00000024         ;*******************************************************
                       ***********************
  282 00000024                 EXPORT           DisableInterrupts
  283 00000024                 EXPORT           EnableInterrupts
  284 00000024                 EXPORT           StartCritical
  285 00000024                 EXPORT           EndCritical
  286 00000024                 EXPORT           WaitForInterrupt
  287 00000024         
  288 00000024         ;*********** DisableInterrupts ***************



ARM Macro Assembler    Page 8 


  289 00000024         ; disable interrupts
  290 00000024         ; inputs:  none
  291 00000024         ; outputs: none
  292 00000024         DisableInterrupts
  293 00000024 B672            CPSID            I
  294 00000026 4770            BX               LR
  295 00000028         
  296 00000028         ;*********** EnableInterrupts ***************
  297 00000028         ; disable interrupts
  298 00000028         ; inputs:  none
  299 00000028         ; outputs: none
  300 00000028         EnableInterrupts
  301 00000028 B662            CPSIE            I
  302 0000002A 4770            BX               LR
  303 0000002C         
  304 0000002C         ;*********** StartCritical ************************
  305 0000002C         ; make a copy of previous I bit, disable interrupts
  306 0000002C         ; inputs:  none
  307 0000002C         ; outputs: previous I bit
  308 0000002C         StartCritical
  309 0000002C F3EF 8010       MRS              R0, PRIMASK ; save old status
  310 00000030 B672            CPSID            I           ; mask all (except 
                                                            faults)
  311 00000032 4770            BX               LR
  312 00000034         
  313 00000034         ;*********** EndCritical ************************
  314 00000034         ; using the copy of previous I bit, restore I bit to pre
                       vious value
  315 00000034         ; inputs:  previous I bit
  316 00000034         ; outputs: none
  317 00000034         EndCritical
  318 00000034 F380 8810       MSR              PRIMASK, R0
  319 00000038 4770            BX               LR
  320 0000003A         
  321 0000003A         ;*********** WaitForInterrupt ************************
  322 0000003A         ; go to low power mode while waiting for the next interr
                       upt
  323 0000003A         ; inputs:  none
  324 0000003A         ; outputs: none
  325 0000003A         WaitForInterrupt
  326 0000003A BF30            WFI
  327 0000003C 4770            BX               LR
  328 0000003E         
  329 0000003E         
  330 0000003E         ; User Initial Stack & Heap
  331 0000003E         
  332 0000003E                 IF               :DEF:__MICROLIB
  339 0000003E         
  340 0000003E                 IMPORT           __use_two_region_memory
  341 0000003E                 EXPORT           __user_initial_stackheap
  342 0000003E         
  343 0000003E         __user_initial_stackheap
                               PROC
  344 0000003E 4802            LDR              R0, =  Heap_Mem
  345 00000040 4902            LDR              R1, =(Stack_Mem + Stack_Size)
  346 00000042 4A01            LDR              R2, = (Heap_Mem +  Heap_Size)
  347 00000044 4B02            LDR              R3, = Stack_Mem
  348 00000046 4770            BX               LR
  349 00000048                 ENDP



ARM Macro Assembler    Page 9 


  350 00000048         
  351 00000048                 ALIGN
  352 00000048         
  353 00000048                 ENDIF
  354 00000048         
  355 00000048         
  356 00000048                 END
              00000000 
              00000400 
              00000000 
Command Line: --debug --xref --diag_suppress=9931 --cpu=Cortex-M4 --apcs=interw
ork --depend=.\objects\startup_msp432.d -o.\objects\startup_msp432.o -IC:\Dropb
ox\ArmBook\MSP432\ValvanoWare\Nokia5110_MSP432\RTE -IE:\Keil_v5\ARM\PACK\ARM\CM
SIS\4.2.0\CMSIS\Include -IE:\Keil_v5\ARM\PACK\TexasInstruments\MSP432\1.0.0\Dev
ice\Include --predefine="__EVAL SETA 1" --predefine="__UVISION_VERSION SETA 514
" --predefine="_RTE_ SETA 1" --predefine="__MSP432P401R__ SETA 1" --list=.\list
ings\startup_msp432.lst RTE\Device\MSP432P401R\startup_msp432.s



ARM Macro Assembler    Page 1 Alphabetic symbol ordering
Relocatable symbols

STACK 00000000

Symbol: STACK
   Definitions
      At line 11 in file RTE\Device\MSP432P401R\startup_msp432.s
   Uses
      None
Comment: STACK unused
Stack_Mem 00000000

Symbol: Stack_Mem
   Definitions
      At line 12 in file RTE\Device\MSP432P401R\startup_msp432.s
   Uses
      At line 345 in file RTE\Device\MSP432P401R\startup_msp432.s
      At line 347 in file RTE\Device\MSP432P401R\startup_msp432.s

__initial_sp 00000400

Symbol: __initial_sp
   Definitions
      At line 13 in file RTE\Device\MSP432P401R\startup_msp432.s
   Uses
      At line 39 in file RTE\Device\MSP432P401R\startup_msp432.s
Comment: __initial_sp used once
3 symbols



ARM Macro Assembler    Page 1 Alphabetic symbol ordering
Relocatable symbols

HEAP 00000000

Symbol: HEAP
   Definitions
      At line 22 in file RTE\Device\MSP432P401R\startup_msp432.s
   Uses
      None
Comment: HEAP unused
Heap_Mem 00000000

Symbol: Heap_Mem
   Definitions
      At line 24 in file RTE\Device\MSP432P401R\startup_msp432.s
   Uses
      At line 344 in file RTE\Device\MSP432P401R\startup_msp432.s
      At line 346 in file RTE\Device\MSP432P401R\startup_msp432.s

__heap_base 00000000

Symbol: __heap_base
   Definitions
      At line 23 in file RTE\Device\MSP432P401R\startup_msp432.s
   Uses
      None
Comment: __heap_base unused
__heap_limit 00000000

Symbol: __heap_limit
   Definitions
      At line 25 in file RTE\Device\MSP432P401R\startup_msp432.s
   Uses
      None
Comment: __heap_limit unused
4 symbols



ARM Macro Assembler    Page 1 Alphabetic symbol ordering
Relocatable symbols

RESET 00000000

Symbol: RESET
   Definitions
      At line 34 in file RTE\Device\MSP432P401R\startup_msp432.s
   Uses
      None
Comment: RESET unused
__Vectors 00000000

Symbol: __Vectors
   Definitions
      At line 39 in file RTE\Device\MSP432P401R\startup_msp432.s
   Uses
      At line 35 in file RTE\Device\MSP432P401R\startup_msp432.s
      At line 124 in file RTE\Device\MSP432P401R\startup_msp432.s

__Vectors_End 00000144

Symbol: __Vectors_End
   Definitions
      At line 122 in file RTE\Device\MSP432P401R\startup_msp432.s
   Uses
      At line 36 in file RTE\Device\MSP432P401R\startup_msp432.s
      At line 124 in file RTE\Device\MSP432P401R\startup_msp432.s

3 symbols



ARM Macro Assembler    Page 1 Alphabetic symbol ordering
Relocatable symbols

.text 00000000

Symbol: .text
   Definitions
      At line 126 in file RTE\Device\MSP432P401R\startup_msp432.s
   Uses
      None
Comment: .text unused
ADC14_IRQHandler 0000001A

Symbol: ADC14_IRQHandler
   Definitions
      At line 253 in file RTE\Device\MSP432P401R\startup_msp432.s
   Uses
      At line 81 in file RTE\Device\MSP432P401R\startup_msp432.s
      At line 211 in file RTE\Device\MSP432P401R\startup_msp432.s

AES256_IRQHandler 0000001A

Symbol: AES256_IRQHandler
   Definitions
      At line 257 in file RTE\Device\MSP432P401R\startup_msp432.s
   Uses
      At line 85 in file RTE\Device\MSP432P401R\startup_msp432.s
      At line 215 in file RTE\Device\MSP432P401R\startup_msp432.s

BusFault_Handler 0000000E

Symbol: BusFault_Handler
   Definitions
      At line 159 in file RTE\Device\MSP432P401R\startup_msp432.s
   Uses
      At line 44 in file RTE\Device\MSP432P401R\startup_msp432.s
      At line 160 in file RTE\Device\MSP432P401R\startup_msp432.s

COMP_E0_IRQHandler 0000001A

Symbol: COMP_E0_IRQHandler
   Definitions
      At line 235 in file RTE\Device\MSP432P401R\startup_msp432.s
   Uses
      At line 63 in file RTE\Device\MSP432P401R\startup_msp432.s
      At line 193 in file RTE\Device\MSP432P401R\startup_msp432.s

COMP_E1_IRQHandler 0000001A

Symbol: COMP_E1_IRQHandler
   Definitions
      At line 236 in file RTE\Device\MSP432P401R\startup_msp432.s
   Uses
      At line 64 in file RTE\Device\MSP432P401R\startup_msp432.s
      At line 194 in file RTE\Device\MSP432P401R\startup_msp432.s

CS_IRQHandler 0000001A

Symbol: CS_IRQHandler
   Definitions
      At line 230 in file RTE\Device\MSP432P401R\startup_msp432.s
   Uses



ARM Macro Assembler    Page 2 Alphabetic symbol ordering
Relocatable symbols

      At line 58 in file RTE\Device\MSP432P401R\startup_msp432.s
      At line 188 in file RTE\Device\MSP432P401R\startup_msp432.s

DMA_ERR_IRQHandler 0000001A

Symbol: DMA_ERR_IRQHandler
   Definitions
      At line 259 in file RTE\Device\MSP432P401R\startup_msp432.s
   Uses
      At line 87 in file RTE\Device\MSP432P401R\startup_msp432.s
      At line 217 in file RTE\Device\MSP432P401R\startup_msp432.s

DMA_INT0_IRQHandler 0000001A

Symbol: DMA_INT0_IRQHandler
   Definitions
      At line 263 in file RTE\Device\MSP432P401R\startup_msp432.s
   Uses
      At line 91 in file RTE\Device\MSP432P401R\startup_msp432.s
      At line 221 in file RTE\Device\MSP432P401R\startup_msp432.s

DMA_INT1_IRQHandler 0000001A

Symbol: DMA_INT1_IRQHandler
   Definitions
      At line 262 in file RTE\Device\MSP432P401R\startup_msp432.s
   Uses
      At line 90 in file RTE\Device\MSP432P401R\startup_msp432.s
      At line 220 in file RTE\Device\MSP432P401R\startup_msp432.s

DMA_INT2_IRQHandler 0000001A

Symbol: DMA_INT2_IRQHandler
   Definitions
      At line 261 in file RTE\Device\MSP432P401R\startup_msp432.s
   Uses
      At line 89 in file RTE\Device\MSP432P401R\startup_msp432.s
      At line 219 in file RTE\Device\MSP432P401R\startup_msp432.s

DMA_INT3_IRQHandler 0000001A

Symbol: DMA_INT3_IRQHandler
   Definitions
      At line 260 in file RTE\Device\MSP432P401R\startup_msp432.s
   Uses
      At line 88 in file RTE\Device\MSP432P401R\startup_msp432.s
      At line 218 in file RTE\Device\MSP432P401R\startup_msp432.s

DebugMon_Handler 00000014

Symbol: DebugMon_Handler
   Definitions
      At line 173 in file RTE\Device\MSP432P401R\startup_msp432.s
   Uses
      At line 51 in file RTE\Device\MSP432P401R\startup_msp432.s
      At line 174 in file RTE\Device\MSP432P401R\startup_msp432.s

Default_Handler 0000001A




ARM Macro Assembler    Page 3 Alphabetic symbol ordering
Relocatable symbols

Symbol: Default_Handler
   Definitions
      At line 186 in file RTE\Device\MSP432P401R\startup_msp432.s
   Uses
      None
Comment: Default_Handler unused
DisableInterrupts 00000024

Symbol: DisableInterrupts
   Definitions
      At line 292 in file RTE\Device\MSP432P401R\startup_msp432.s
   Uses
      At line 282 in file RTE\Device\MSP432P401R\startup_msp432.s
Comment: DisableInterrupts used once
EUSCIA0_IRQHandler 0000001A

Symbol: EUSCIA0_IRQHandler
   Definitions
      At line 245 in file RTE\Device\MSP432P401R\startup_msp432.s
   Uses
      At line 73 in file RTE\Device\MSP432P401R\startup_msp432.s
      At line 203 in file RTE\Device\MSP432P401R\startup_msp432.s

EUSCIA1_IRQHandler 0000001A

Symbol: EUSCIA1_IRQHandler
   Definitions
      At line 246 in file RTE\Device\MSP432P401R\startup_msp432.s
   Uses
      At line 74 in file RTE\Device\MSP432P401R\startup_msp432.s
      At line 204 in file RTE\Device\MSP432P401R\startup_msp432.s

EUSCIA2_IRQHandler 0000001A

Symbol: EUSCIA2_IRQHandler
   Definitions
      At line 247 in file RTE\Device\MSP432P401R\startup_msp432.s
   Uses
      At line 75 in file RTE\Device\MSP432P401R\startup_msp432.s
      At line 205 in file RTE\Device\MSP432P401R\startup_msp432.s

EUSCIA3_IRQHandler 0000001A

Symbol: EUSCIA3_IRQHandler
   Definitions
      At line 248 in file RTE\Device\MSP432P401R\startup_msp432.s
   Uses
      At line 76 in file RTE\Device\MSP432P401R\startup_msp432.s
      At line 206 in file RTE\Device\MSP432P401R\startup_msp432.s

EUSCIB0_IRQHandler 0000001A

Symbol: EUSCIB0_IRQHandler
   Definitions
      At line 249 in file RTE\Device\MSP432P401R\startup_msp432.s
   Uses
      At line 77 in file RTE\Device\MSP432P401R\startup_msp432.s
      At line 207 in file RTE\Device\MSP432P401R\startup_msp432.s




ARM Macro Assembler    Page 4 Alphabetic symbol ordering
Relocatable symbols

EUSCIB1_IRQHandler 0000001A

Symbol: EUSCIB1_IRQHandler
   Definitions
      At line 250 in file RTE\Device\MSP432P401R\startup_msp432.s
   Uses
      At line 78 in file RTE\Device\MSP432P401R\startup_msp432.s
      At line 208 in file RTE\Device\MSP432P401R\startup_msp432.s

EUSCIB2_IRQHandler 0000001A

Symbol: EUSCIB2_IRQHandler
   Definitions
      At line 251 in file RTE\Device\MSP432P401R\startup_msp432.s
   Uses
      At line 79 in file RTE\Device\MSP432P401R\startup_msp432.s
      At line 209 in file RTE\Device\MSP432P401R\startup_msp432.s

EUSCIB3_IRQHandler 0000001A

Symbol: EUSCIB3_IRQHandler
   Definitions
      At line 252 in file RTE\Device\MSP432P401R\startup_msp432.s
   Uses
      At line 80 in file RTE\Device\MSP432P401R\startup_msp432.s
      At line 210 in file RTE\Device\MSP432P401R\startup_msp432.s

EnableInterrupts 00000028

Symbol: EnableInterrupts
   Definitions
      At line 300 in file RTE\Device\MSP432P401R\startup_msp432.s
   Uses
      At line 283 in file RTE\Device\MSP432P401R\startup_msp432.s
Comment: EnableInterrupts used once
EndCritical 00000034

Symbol: EndCritical
   Definitions
      At line 317 in file RTE\Device\MSP432P401R\startup_msp432.s
   Uses
      At line 285 in file RTE\Device\MSP432P401R\startup_msp432.s
Comment: EndCritical used once
FLCTL_IRQHandler 0000001A

Symbol: FLCTL_IRQHandler
   Definitions
      At line 234 in file RTE\Device\MSP432P401R\startup_msp432.s
   Uses
      At line 62 in file RTE\Device\MSP432P401R\startup_msp432.s
      At line 192 in file RTE\Device\MSP432P401R\startup_msp432.s

FPU_IRQHandler 0000001A

Symbol: FPU_IRQHandler
   Definitions
      At line 233 in file RTE\Device\MSP432P401R\startup_msp432.s
   Uses
      At line 61 in file RTE\Device\MSP432P401R\startup_msp432.s



ARM Macro Assembler    Page 5 Alphabetic symbol ordering
Relocatable symbols

      At line 191 in file RTE\Device\MSP432P401R\startup_msp432.s

HardFault_Handler 0000000A

Symbol: HardFault_Handler
   Definitions
      At line 149 in file RTE\Device\MSP432P401R\startup_msp432.s
   Uses
      At line 42 in file RTE\Device\MSP432P401R\startup_msp432.s
      At line 150 in file RTE\Device\MSP432P401R\startup_msp432.s

MemManage_Handler 0000000C

Symbol: MemManage_Handler
   Definitions
      At line 154 in file RTE\Device\MSP432P401R\startup_msp432.s
   Uses
      At line 43 in file RTE\Device\MSP432P401R\startup_msp432.s
      At line 155 in file RTE\Device\MSP432P401R\startup_msp432.s

NMI_Handler 00000008

Symbol: NMI_Handler
   Definitions
      At line 144 in file RTE\Device\MSP432P401R\startup_msp432.s
   Uses
      At line 41 in file RTE\Device\MSP432P401R\startup_msp432.s
      At line 145 in file RTE\Device\MSP432P401R\startup_msp432.s

PCM_IRQHandler 0000001A

Symbol: PCM_IRQHandler
   Definitions
      At line 231 in file RTE\Device\MSP432P401R\startup_msp432.s
   Uses
      At line 59 in file RTE\Device\MSP432P401R\startup_msp432.s
      At line 189 in file RTE\Device\MSP432P401R\startup_msp432.s

PORT1_IRQHandler 0000001A

Symbol: PORT1_IRQHandler
   Definitions
      At line 264 in file RTE\Device\MSP432P401R\startup_msp432.s
   Uses
      At line 92 in file RTE\Device\MSP432P401R\startup_msp432.s
      At line 222 in file RTE\Device\MSP432P401R\startup_msp432.s

PORT2_IRQHandler 0000001A

Symbol: PORT2_IRQHandler
   Definitions
      At line 265 in file RTE\Device\MSP432P401R\startup_msp432.s
   Uses
      At line 93 in file RTE\Device\MSP432P401R\startup_msp432.s
      At line 223 in file RTE\Device\MSP432P401R\startup_msp432.s

PORT3_IRQHandler 0000001A

Symbol: PORT3_IRQHandler



ARM Macro Assembler    Page 6 Alphabetic symbol ordering
Relocatable symbols

   Definitions
      At line 266 in file RTE\Device\MSP432P401R\startup_msp432.s
   Uses
      At line 94 in file RTE\Device\MSP432P401R\startup_msp432.s
      At line 224 in file RTE\Device\MSP432P401R\startup_msp432.s

PORT4_IRQHandler 0000001A

Symbol: PORT4_IRQHandler
   Definitions
      At line 267 in file RTE\Device\MSP432P401R\startup_msp432.s
   Uses
      At line 95 in file RTE\Device\MSP432P401R\startup_msp432.s
      At line 225 in file RTE\Device\MSP432P401R\startup_msp432.s

PORT5_IRQHandler 0000001A

Symbol: PORT5_IRQHandler
   Definitions
      At line 268 in file RTE\Device\MSP432P401R\startup_msp432.s
   Uses
      At line 96 in file RTE\Device\MSP432P401R\startup_msp432.s
      At line 226 in file RTE\Device\MSP432P401R\startup_msp432.s

PORT6_IRQHandler 0000001A

Symbol: PORT6_IRQHandler
   Definitions
      At line 269 in file RTE\Device\MSP432P401R\startup_msp432.s
   Uses
      At line 97 in file RTE\Device\MSP432P401R\startup_msp432.s
      At line 227 in file RTE\Device\MSP432P401R\startup_msp432.s

PSS_IRQHandler 0000001A

Symbol: PSS_IRQHandler
   Definitions
      At line 229 in file RTE\Device\MSP432P401R\startup_msp432.s
   Uses
      At line 57 in file RTE\Device\MSP432P401R\startup_msp432.s
      At line 187 in file RTE\Device\MSP432P401R\startup_msp432.s

PendSV_Handler 00000016

Symbol: PendSV_Handler
   Definitions
      At line 177 in file RTE\Device\MSP432P401R\startup_msp432.s
   Uses
      At line 53 in file RTE\Device\MSP432P401R\startup_msp432.s
      At line 178 in file RTE\Device\MSP432P401R\startup_msp432.s

RTC_C_IRQHandler 0000001A

Symbol: RTC_C_IRQHandler
   Definitions
      At line 258 in file RTE\Device\MSP432P401R\startup_msp432.s
   Uses
      At line 86 in file RTE\Device\MSP432P401R\startup_msp432.s
      At line 216 in file RTE\Device\MSP432P401R\startup_msp432.s



ARM Macro Assembler    Page 7 Alphabetic symbol ordering
Relocatable symbols


Reset_Handler 00000000

Symbol: Reset_Handler
   Definitions
      At line 131 in file RTE\Device\MSP432P401R\startup_msp432.s
   Uses
      At line 40 in file RTE\Device\MSP432P401R\startup_msp432.s
      At line 132 in file RTE\Device\MSP432P401R\startup_msp432.s

SVC_Handler 00000012

Symbol: SVC_Handler
   Definitions
      At line 168 in file RTE\Device\MSP432P401R\startup_msp432.s
   Uses
      At line 50 in file RTE\Device\MSP432P401R\startup_msp432.s
      At line 169 in file RTE\Device\MSP432P401R\startup_msp432.s

StartCritical 0000002C

Symbol: StartCritical
   Definitions
      At line 308 in file RTE\Device\MSP432P401R\startup_msp432.s
   Uses
      At line 284 in file RTE\Device\MSP432P401R\startup_msp432.s
Comment: StartCritical used once
SysTick_Handler 00000018

Symbol: SysTick_Handler
   Definitions
      At line 181 in file RTE\Device\MSP432P401R\startup_msp432.s
   Uses
      At line 54 in file RTE\Device\MSP432P401R\startup_msp432.s
      At line 182 in file RTE\Device\MSP432P401R\startup_msp432.s

T32_INT1_IRQHandler 0000001A

Symbol: T32_INT1_IRQHandler
   Definitions
      At line 254 in file RTE\Device\MSP432P401R\startup_msp432.s
   Uses
      At line 82 in file RTE\Device\MSP432P401R\startup_msp432.s
      At line 212 in file RTE\Device\MSP432P401R\startup_msp432.s

T32_INT2_IRQHandler 0000001A

Symbol: T32_INT2_IRQHandler
   Definitions
      At line 255 in file RTE\Device\MSP432P401R\startup_msp432.s
   Uses
      At line 83 in file RTE\Device\MSP432P401R\startup_msp432.s
      At line 213 in file RTE\Device\MSP432P401R\startup_msp432.s

T32_INTC_IRQHandler 0000001A

Symbol: T32_INTC_IRQHandler
   Definitions
      At line 256 in file RTE\Device\MSP432P401R\startup_msp432.s



ARM Macro Assembler    Page 8 Alphabetic symbol ordering
Relocatable symbols

   Uses
      At line 84 in file RTE\Device\MSP432P401R\startup_msp432.s
      At line 214 in file RTE\Device\MSP432P401R\startup_msp432.s

TA0_0_IRQHandler 0000001A

Symbol: TA0_0_IRQHandler
   Definitions
      At line 237 in file RTE\Device\MSP432P401R\startup_msp432.s
   Uses
      At line 65 in file RTE\Device\MSP432P401R\startup_msp432.s
      At line 195 in file RTE\Device\MSP432P401R\startup_msp432.s

TA0_N_IRQHandler 0000001A

Symbol: TA0_N_IRQHandler
   Definitions
      At line 238 in file RTE\Device\MSP432P401R\startup_msp432.s
   Uses
      At line 66 in file RTE\Device\MSP432P401R\startup_msp432.s
      At line 196 in file RTE\Device\MSP432P401R\startup_msp432.s

TA1_0_IRQHandler 0000001A

Symbol: TA1_0_IRQHandler
   Definitions
      At line 239 in file RTE\Device\MSP432P401R\startup_msp432.s
   Uses
      At line 67 in file RTE\Device\MSP432P401R\startup_msp432.s
      At line 197 in file RTE\Device\MSP432P401R\startup_msp432.s

TA1_N_IRQHandler 0000001A

Symbol: TA1_N_IRQHandler
   Definitions
      At line 240 in file RTE\Device\MSP432P401R\startup_msp432.s
   Uses
      At line 68 in file RTE\Device\MSP432P401R\startup_msp432.s
      At line 198 in file RTE\Device\MSP432P401R\startup_msp432.s

TA2_0_IRQHandler 0000001A

Symbol: TA2_0_IRQHandler
   Definitions
      At line 241 in file RTE\Device\MSP432P401R\startup_msp432.s
   Uses
      At line 69 in file RTE\Device\MSP432P401R\startup_msp432.s
      At line 199 in file RTE\Device\MSP432P401R\startup_msp432.s

TA2_N_IRQHandler 0000001A

Symbol: TA2_N_IRQHandler
   Definitions
      At line 242 in file RTE\Device\MSP432P401R\startup_msp432.s
   Uses
      At line 70 in file RTE\Device\MSP432P401R\startup_msp432.s
      At line 200 in file RTE\Device\MSP432P401R\startup_msp432.s

TA3_0_IRQHandler 0000001A



ARM Macro Assembler    Page 9 Alphabetic symbol ordering
Relocatable symbols


Symbol: TA3_0_IRQHandler
   Definitions
      At line 243 in file RTE\Device\MSP432P401R\startup_msp432.s
   Uses
      At line 71 in file RTE\Device\MSP432P401R\startup_msp432.s
      At line 201 in file RTE\Device\MSP432P401R\startup_msp432.s

TA3_N_IRQHandler 0000001A

Symbol: TA3_N_IRQHandler
   Definitions
      At line 244 in file RTE\Device\MSP432P401R\startup_msp432.s
   Uses
      At line 72 in file RTE\Device\MSP432P401R\startup_msp432.s
      At line 202 in file RTE\Device\MSP432P401R\startup_msp432.s

UsageFault_Handler 00000010

Symbol: UsageFault_Handler
   Definitions
      At line 164 in file RTE\Device\MSP432P401R\startup_msp432.s
   Uses
      At line 45 in file RTE\Device\MSP432P401R\startup_msp432.s
      At line 165 in file RTE\Device\MSP432P401R\startup_msp432.s

WDT_A_IRQHandler 0000001A

Symbol: WDT_A_IRQHandler
   Definitions
      At line 232 in file RTE\Device\MSP432P401R\startup_msp432.s
   Uses
      At line 60 in file RTE\Device\MSP432P401R\startup_msp432.s
      At line 190 in file RTE\Device\MSP432P401R\startup_msp432.s

WaitForInterrupt 0000003A

Symbol: WaitForInterrupt
   Definitions
      At line 325 in file RTE\Device\MSP432P401R\startup_msp432.s
   Uses
      At line 286 in file RTE\Device\MSP432P401R\startup_msp432.s
Comment: WaitForInterrupt used once
__user_initial_stackheap 0000003E

Symbol: __user_initial_stackheap
   Definitions
      At line 343 in file RTE\Device\MSP432P401R\startup_msp432.s
   Uses
      At line 341 in file RTE\Device\MSP432P401R\startup_msp432.s
Comment: __user_initial_stackheap used once
59 symbols



ARM Macro Assembler    Page 1 Alphabetic symbol ordering
Absolute symbols

Heap_Size 00000000

Symbol: Heap_Size
   Definitions
      At line 20 in file RTE\Device\MSP432P401R\startup_msp432.s
   Uses
      At line 24 in file RTE\Device\MSP432P401R\startup_msp432.s
      At line 346 in file RTE\Device\MSP432P401R\startup_msp432.s

Stack_Size 00000400

Symbol: Stack_Size
   Definitions
      At line 9 in file RTE\Device\MSP432P401R\startup_msp432.s
   Uses
      At line 12 in file RTE\Device\MSP432P401R\startup_msp432.s
      At line 345 in file RTE\Device\MSP432P401R\startup_msp432.s

__Vectors_Size 00000144

Symbol: __Vectors_Size
   Definitions
      At line 124 in file RTE\Device\MSP432P401R\startup_msp432.s
   Uses
      At line 37 in file RTE\Device\MSP432P401R\startup_msp432.s
Comment: __Vectors_Size used once
3 symbols



ARM Macro Assembler    Page 1 Alphabetic symbol ordering
External symbols

SystemInit 00000000

Symbol: SystemInit
   Definitions
      At line 133 in file RTE\Device\MSP432P401R\startup_msp432.s
   Uses
      At line 135 in file RTE\Device\MSP432P401R\startup_msp432.s
Comment: SystemInit used once
__main 00000000

Symbol: __main
   Definitions
      At line 134 in file RTE\Device\MSP432P401R\startup_msp432.s
   Uses
      At line 137 in file RTE\Device\MSP432P401R\startup_msp432.s
Comment: __main used once
__use_two_region_memory 00000000

Symbol: __use_two_region_memory
   Definitions
      At line 340 in file RTE\Device\MSP432P401R\startup_msp432.s
   Uses
      None
Comment: __use_two_region_memory unused
3 symbols
415 symbols in table
